101.05.23 23:14 B C:\lazza\progetto\#GRBM_han.log# <-- hal9000 /users/sax/lazza/objects2/Definitiva #GRBM_han.log#
101.05.23 23:14 B C:\lazza\progetto\10855.txt <-- hal9000 /users/sax/lazza/objects2/Definitiva 10855.txt
101.05.23 23:14 B C:\lazza\progetto\AcOP.txt <-- hal9000 /users/sax/lazza/objects2/Definitiva AcOP.txt
101.05.23 23:14 B C:\lazza\progetto\AcTrig.txt <-- hal9000 /users/sax/lazza/objects2/Definitiva AcTrig.txt
101.05.23 23:14 B C:\lazza\progetto\Again.tem <-- hal9000 /users/sax/lazza/objects2/Definitiva Again.tem
101.05.23 23:14 B C:\lazza\progetto\appoggio.txt <-- hal9000 /users/sax/lazza/objects2/Definitiva appoggio.txt
101.05.23 23:14 B C:\lazza\progetto\auto_fot_grbm_tot.exe <-- hal9000 /users/sax/lazza/objects2/Definitiva auto_fot_grbm_tot.exe
101.05.23 23:14 B C:\lazza\progetto\auto_fot_grbm_tot.f <-- hal9000 /users/sax/lazza/objects2/Definitiva auto_fot_grbm_tot.f
101.05.23 23:14 B C:\lazza\progetto\auto_fot_grbm_tot2.f <-- hal9000 /users/sax/lazza/objects2/Definitiva auto_fot_grbm_tot2.f
101.05.23 23:14 B C:\lazza\progetto\Burst__Define.pro <-- hal9000 /users/sax/lazza/objects2/Definitiva Burst__Define.pro
101.05.23 23:14 B C:\lazza\progetto\Burst__Define.pro~ <-- hal9000 /users/sax/lazza/objects2/Definitiva Burst__Define.pro~
101.05.23 23:14 B C:\lazza\progetto\calGRBMtime <-- hal9000 /users/sax/lazza/objects2/Definitiva calGRBMtime
101.05.23 23:14 B C:\lazza\progetto\converti.pro <-- hal9000 /users/sax/lazza/objects2/Definitiva converti.pro
101.05.23 23:14 B C:\lazza\progetto\coper.pro <-- hal9000 /users/sax/lazza/objects2/Definitiva coper.pro
101.05.23 23:14 B C:\lazza\progetto\coperta.pro <-- hal9000 /users/sax/lazza/objects2/Definitiva coperta.pro
101.05.23 23:14 B C:\lazza\progetto\copertura.pro <-- hal9000 /users/sax/lazza/objects2/Definitiva copertura.pro
101.05.23 23:14 B C:\lazza\progetto\core <-- hal9000 /users/sax/lazza/objects2/Definitiva core
101.05.23 23:14 B C:\lazza\progetto\corrotti.txt <-- hal9000 /users/sax/lazza/objects2/Definitiva corrotti.txt
101.05.23 23:14 B C:\lazza\progetto\CurrentObs.txt <-- hal9000 /users/sax/lazza/objects2/Definitiva CurrentObs.txt
101.05.23 23:14 B C:\lazza\progetto\dati_GRBM.doc <-- hal9000 /users/sax/lazza/objects2/Definitiva dati_GRBM.doc
101.05.23 23:14 B C:\lazza\progetto\direction__define.pro <-- hal9000 /users/sax/lazza/objects2/Definitiva direction__define.pro
101.05.23 23:14 B C:\lazza\progetto\disegna.pro <-- hal9000 /users/sax/lazza/objects2/Definitiva disegna.pro
101.05.23 23:14 B C:\lazza\progetto\Dur_SDIres.dat <-- hal9000 /users/sax/lazza/objects2/Definitiva Dur_SDIres.dat
101.05.23 23:14 B C:\lazza\progetto\Duration__Define.pro <-- hal9000 /users/sax/lazza/objects2/Definitiva Duration__Define.pro
101.05.23 23:14 B C:\lazza\progetto\Duration__Define.pro~ <-- hal9000 /users/sax/lazza/objects2/Definitiva Duration__Define.pro~
101.05.23 23:14 B C:\lazza\progetto\files.txt <-- hal9000 /users/sax/lazza/objects2/Definitiva files.txt
101.05.23 23:14 B C:\lazza\progetto\fit_times.txt <-- hal9000 /users/sax/lazza/objects2/Definitiva fit_times.txt
101.05.23 23:14 B C:\lazza\progetto\fot_grbm_tot.exe <-- hal9000 /users/sax/lazza/objects2/Definitiva fot_grbm_tot.exe
101.05.23 23:14 B C:\lazza\progetto\fot_grbm_tot.f <-- hal9000 /users/sax/lazza/objects2/Definitiva fot_grbm_tot.f
101.05.23 23:14 B C:\lazza\progetto\fot_hal_tot.exe <-- hal9000 /users/sax/lazza/objects2/Definitiva fot_hal_tot.exe
101.05.23 23:14 B C:\lazza\progetto\gginterface.pro <-- hal9000 /users/sax/lazza/objects2/Definitiva gginterface.pro
101.05.23 23:14 B C:\lazza\progetto\GGinterface__Define.pro <-- hal9000 /users/sax/lazza/objects2/Definitiva GGinterface__Define.pro
101.05.23 23:14 B C:\lazza\progetto\Ginterface__Define.pro <-- hal9000 /users/sax/lazza/objects2/Definitiva Ginterface__Define.pro
101.05.23 23:14 B C:\lazza\progetto\Ginterface__Define.pro~ <-- hal9000 /users/sax/lazza/objects2/Definitiva Ginterface__Define.pro~
101.05.23 23:14 B C:\lazza\progetto\GRBM_han.log <-- hal9000 /users/sax/lazza/objects2/Definitiva GRBM_han.log
101.05.23 23:14 B C:\lazza\progetto\GRBM_interface.pro <-- hal9000 /users/sax/lazza/objects2/Definitiva GRBM_interface.pro
101.05.23 23:14 B C:\lazza\progetto\GRBM_interface__Define.pro <-- hal9000 /users/sax/lazza/objects2/Definitiva GRBM_interface__Define.pro
101.05.23 23:14 B C:\lazza\progetto\GRBMcompile <-- hal9000 /users/sax/lazza/objects2/Definitiva GRBMcompile
101.05.23 23:14 B C:\lazza\progetto\GRBMhandGraf.pro <-- hal9000 /users/sax/lazza/objects2/Definitiva GRBMhandGraf.pro
101.05.23 23:14 B C:\lazza\progetto\GRBMhandGraf__Define.pro <-- hal9000 /users/sax/lazza/objects2/Definitiva GRBMhandGraf__Define.pro
101.05.23 23:14 B C:\lazza\progetto\GRBMhandGraf__Define.pro~ <-- hal9000 /users/sax/lazza/objects2/Definitiva GRBMhandGraf__Define.pro~
101.05.23 23:14 B C:\lazza\progetto\GRBMhandler.pro <-- hal9000 /users/sax/lazza/objects2/Definitiva GRBMhandler.pro
101.05.23 23:14 B C:\lazza\progetto\GRBMhandler__Define.pro <-- hal9000 /users/sax/lazza/objects2/Definitiva GRBMhandler__Define.pro
101.05.23 23:14 B C:\lazza\progetto\GRBMhandler__Define.pro~ <-- hal9000 /users/sax/lazza/objects2/Definitiva GRBMhandler__Define.pro~
101.05.23 23:14 B C:\lazza\progetto\GRBMstartGraf <-- hal9000 /users/sax/lazza/objects2/Definitiva GRBMstartGraf
101.05.23 23:14 B C:\lazza\progetto\GRBMStartup <-- hal9000 /users/sax/lazza/objects2/Definitiva GRBMStartup
101.05.23 23:14 B C:\lazza\progetto\GRBMStartup~ <-- hal9000 /users/sax/lazza/objects2/Definitiva GRBMStartup~
101.05.23 23:14 B C:\lazza\progetto\hextodec.pro <-- hal9000 /users/sax/lazza/objects2/Definitiva hextodec.pro
101.05.23 23:14 B C:\lazza\progetto\listato.txt <-- hal9000 /users/sax/lazza/objects2/Definitiva listato.txt
101.05.23 23:14 B C:\lazza\progetto\log.txt <-- hal9000 /users/sax/lazza/objects2/Definitiva log.txt
101.05.23 23:14 B C:\lazza\progetto\log2.txt <-- hal9000 /users/sax/lazza/objects2/Definitiva log2.txt
101.05.23 23:14 B C:\lazza\progetto\My_Object__Define.pro <-- hal9000 /users/sax/lazza/objects2/Definitiva My_Object__Define.pro
101.05.23 23:14 B C:\lazza\progetto\My_Object__Define.pro~ <-- hal9000 /users/sax/lazza/objects2/Definitiva My_Object__Define.pro~
101.05.23 23:14 B C:\lazza\progetto\new_iniTimes.txt <-- hal9000 /users/sax/lazza/objects2/Definitiva new_iniTimes.txt
101.05.23 23:14 B C:\lazza\progetto\nfilist.txt <-- hal9000 /users/sax/lazza/objects2/Definitiva nfilist.txt
101.05.23 23:14 B C:\lazza\progetto\nfilist2.txt <-- hal9000 /users/sax/lazza/objects2/Definitiva nfilist2.txt
101.05.23 23:14 B C:\lazza\progetto\nobs.txt <-- hal9000 /users/sax/lazza/objects2/Definitiva nobs.txt
101.05.23 23:14 B C:\lazza\progetto\Observations.txt <-- hal9000 /users/sax/lazza/objects2/Definitiva Observations.txt
101.05.23 23:14 B C:\lazza\progetto\OP__Define.pro <-- hal9000 /users/sax/lazza/objects2/Definitiva OP__Define.pro
101.05.23 23:14 B C:\lazza\progetto\OP__Define.pro~ <-- hal9000 /users/sax/lazza/objects2/Definitiva OP__Define.pro~
101.05.23 23:14 B C:\lazza\progetto\OP_control.pro <-- hal9000 /users/sax/lazza/objects2/Definitiva OP_control.pro
101.05.23 23:14 B C:\lazza\progetto\OP_ordinati.txt <-- hal9000 /users/sax/lazza/objects2/Definitiva OP_ordinati.txt
101.05.23 23:14 B C:\lazza\progetto\OP_ordinati.txt~ <-- hal9000 /users/sax/lazza/objects2/Definitiva OP_ordinati.txt~
101.05.23 23:14 B C:\lazza\progetto\OPlist__Define.pro <-- hal9000 /users/sax/lazza/objects2/Definitiva OPlist__Define.pro
101.05.23 23:14 B C:\lazza\progetto\OPlist__Define.pro~ <-- hal9000 /users/sax/lazza/objects2/Definitiva OPlist__Define.pro~
101.05.23 23:14 B C:\lazza\progetto\OPtoget.txt <-- hal9000 /users/sax/lazza/objects2/Definitiva OPtoget.txt
101.05.23 23:14 B C:\lazza\progetto\pera.pro <-- hal9000 /users/sax/lazza/objects2/Definitiva pera.pro
101.05.23 23:14 B C:\lazza\progetto\progra1.pro <-- hal9000 /users/sax/lazza/objects2/Definitiva progra1.pro
101.05.23 23:14 B C:\lazza\progetto\progra2.pro <-- hal9000 /users/sax/lazza/objects2/Definitiva progra2.pro
101.05.23 23:14 B C:\lazza\progetto\prova.pro <-- hal9000 /users/sax/lazza/objects2/Definitiva prova.pro
101.05.23 23:14 B C:\lazza\progetto\raw_grbm_tot.exe <-- hal9000 /users/sax/lazza/objects2/Definitiva raw_grbm_tot.exe
101.05.23 23:15 B C:\lazza\progetto\raw_grbm_tot2.f <-- hal9000 /users/sax/lazza/objects2/Definitiva raw_grbm_tot2.f
101.05.23 23:15 B C:\lazza\progetto\risultati1.txt <-- hal9000 /users/sax/lazza/objects2/Definitiva risultati1.txt
101.05.23 23:15 B C:\lazza\progetto\risultati_finali.log <-- hal9000 /users/sax/lazza/objects2/Definitiva risultati_finali.log
101.05.23 23:15 B C:\lazza\progetto\script1 <-- hal9000 /users/sax/lazza/objects2/Definitiva script1
101.05.23 23:15 B C:\lazza\progetto\scrivi_nobs.pro <-- hal9000 /users/sax/lazza/objects2/Definitiva scrivi_nobs.pro
101.05.23 23:15 B C:\lazza\progetto\SDI_auto2_2001.pro <-- hal9000 /users/sax/lazza/objects2/Definitiva SDI_auto2_2001.pro
101.05.23 23:15 B C:\lazza\progetto\SDI_auto_2001.pro <-- hal9000 /users/sax/lazza/objects2/Definitiva SDI_auto_2001.pro
101.05.23 23:15 B C:\lazza\progetto\SDI_auto_2001.pro~ <-- hal9000 /users/sax/lazza/objects2/Definitiva SDI_auto_2001.pro~
101.05.23 23:15 B C:\lazza\progetto\SDIresult.txt <-- hal9000 /users/sax/lazza/objects2/Definitiva SDIresult.txt
101.05.23 23:15 B C:\lazza\progetto\SDIStartup <-- hal9000 /users/sax/lazza/objects2/Definitiva SDIStartup
101.05.23 23:15 B C:\lazza\progetto\shell.pro <-- hal9000 /users/sax/lazza/objects2/Definitiva shell.pro
101.05.23 23:15 B C:\lazza\progetto\spazzino.pro <-- hal9000 /users/sax/lazza/objects2/Definitiva spazzino.pro
101.05.23 23:15 B C:\lazza\progetto\start <-- hal9000 /users/sax/lazza/objects2/Definitiva start
101.05.23 23:15 B C:\lazza\progetto\temp <-- hal9000 /users/sax/lazza/objects2/Definitiva temp
101.05.23 23:15 B C:\lazza\progetto\temp.pro <-- hal9000 /users/sax/lazza/objects2/Definitiva temp.pro
101.05.23 23:15 B C:\lazza\progetto\tempo.pro <-- hal9000 /users/sax/lazza/objects2/Definitiva tempo.pro
101.05.23 23:15 B C:\lazza\progetto\tempo3.pro <-- hal9000 /users/sax/lazza/objects2/Definitiva tempo3.pro
101.05.23 23:15 B C:\lazza\progetto\tempo_grafico.pro <-- hal9000 /users/sax/lazza/objects2/Definitiva tempo_grafico.pro
101.05.23 23:15 B C:\lazza\progetto\test_SDIres.pro <-- hal9000 /users/sax/lazza/objects2/Definitiva test_SDIres.pro
101.05.23 23:15 B C:\lazza\progetto\test_SDIres.pro~ <-- hal9000 /users/sax/lazza/objects2/Definitiva test_SDIres.pro~
101.05.23 23:15 B C:\lazza\progetto\trigfiles.txt <-- hal9000 /users/sax/lazza/objects2/Definitiva trigfiles.txt
101.05.23 23:15 B C:\lazza\progetto\trigNum.txt <-- hal9000 /users/sax/lazza/objects2/Definitiva trigNum.txt
101.05.23 23:15 B C:\lazza\progetto\trigtime.bat <-- hal9000 /users/sax/lazza/objects2/Definitiva trigtime.bat
101.05.23 23:15 B C:\lazza\progetto\trimFOTdir <-- hal9000 /users/sax/lazza/objects2/Definitiva trimFOTdir
101.05.23 23:15 B C:\lazza\progetto\uscita2.txt <-- hal9000 /users/sax/lazza/objects2/Definitiva uscita2.txt
101.05.23 23:15 B C:\lazza\progetto\vaxdir2.txt <-- hal9000 /users/sax/lazza/objects2/Definitiva vaxdir2.txt
101.05.23 23:15 B C:\lazza\progetto\voci_scartate.txt <-- hal9000 /users/sax/lazza/objects2/Definitiva voci_scartate.txt
101.05.23 23:15 B C:\lazza\progetto\xprinter.eps <-- hal9000 /users/sax/lazza/objects2/Definitiva xprinter.eps
101.05.24 23:23 B C:\lazza\progetto\#GRBM_han.log# <-- hal9000 /users/sax/lazza/objects2/Definitiva #GRBM_han.log#
101.05.24 23:23 B C:\lazza\progetto\10855.txt <-- hal9000 /users/sax/lazza/objects2/Definitiva 10855.txt
101.05.24 23:23 B C:\lazza\progetto\AcOP.txt <-- hal9000 /users/sax/lazza/objects2/Definitiva AcOP.txt
101.05.24 23:23 B C:\lazza\progetto\AcTrig.txt <-- hal9000 /users/sax/lazza/objects2/Definitiva AcTrig.txt
101.05.24 23:23 B C:\lazza\progetto\Again.tem <-- hal9000 /users/sax/lazza/objects2/Definitiva Again.tem
101.05.24 23:23 B C:\lazza\progetto\appoggio.txt <-- hal9000 /users/sax/lazza/objects2/Definitiva appoggio.txt
101.05.24 23:23 B C:\lazza\progetto\auto_fot_grbm_tot.exe <-- hal9000 /users/sax/lazza/objects2/Definitiva auto_fot_grbm_tot.exe
101.05.24 23:23 B C:\lazza\progetto\auto_fot_grbm_tot.f <-- hal9000 /users/sax/lazza/objects2/Definitiva auto_fot_grbm_tot.f
101.05.24 23:23 B C:\lazza\progetto\auto_fot_grbm_tot2.f <-- hal9000 /users/sax/lazza/objects2/Definitiva auto_fot_grbm_tot2.f
101.05.24 23:23 B C:\lazza\progetto\Burst__Define.pro <-- hal9000 /users/sax/lazza/objects2/Definitiva Burst__Define.pro
101.05.24 23:23 B C:\lazza\progetto\Burst__Define.pro~ <-- hal9000 /users/sax/lazza/objects2/Definitiva Burst__Define.pro~
101.05.24 23:23 B C:\lazza\progetto\calGRBMtime <-- hal9000 /users/sax/lazza/objects2/Definitiva calGRBMtime
101.05.24 23:23 B C:\lazza\progetto\converti.pro <-- hal9000 /users/sax/lazza/objects2/Definitiva converti.pro
101.05.24 23:23 B C:\lazza\progetto\coper.pro <-- hal9000 /users/sax/lazza/objects2/Definitiva coper.pro
101.05.24 23:23 B C:\lazza\progetto\coperta.pro <-- hal9000 /users/sax/lazza/objects2/Definitiva coperta.pro
101.05.24 23:23 B C:\lazza\progetto\copertura.pro <-- hal9000 /users/sax/lazza/objects2/Definitiva copertura.pro
101.05.24 23:23 B C:\lazza\progetto\core <-- hal9000 /users/sax/lazza/objects2/Definitiva core
101.05.24 23:23 B C:\lazza\progetto\corrotti.txt <-- hal9000 /users/sax/lazza/objects2/Definitiva corrotti.txt
101.05.24 23:23 B C:\lazza\progetto\CurrentObs.txt <-- hal9000 /users/sax/lazza/objects2/Definitiva CurrentObs.txt
101.05.24 23:23 B C:\lazza\progetto\dati_GRBM.doc <-- hal9000 /users/sax/lazza/objects2/Definitiva dati_GRBM.doc
101.05.24 23:23 B C:\lazza\progetto\direction__define.pro <-- hal9000 /users/sax/lazza/objects2/Definitiva direction__define.pro
101.05.24 23:23 B C:\lazza\progetto\disegna.pro <-- hal9000 /users/sax/lazza/objects2/Definitiva disegna.pro
101.05.24 23:23 B C:\lazza\progetto\Duration__Define.pro <-- hal9000 /users/sax/lazza/objects2/Definitiva Duration__Define.pro
101.05.24 23:23 B C:\lazza\progetto\files.txt <-- hal9000 /users/sax/lazza/objects2/Definitiva files.txt
101.05.24 23:23 B C:\lazza\progetto\fit_times.txt <-- hal9000 /users/sax/lazza/objects2/Definitiva fit_times.txt
101.05.24 23:23 B C:\lazza\progetto\fot_grbm_tot.exe <-- hal9000 /users/sax/lazza/objects2/Definitiva fot_grbm_tot.exe
101.05.24 23:23 B C:\lazza\progetto\fot_grbm_tot.f <-- hal9000 /users/sax/lazza/objects2/Definitiva fot_grbm_tot.f
101.05.24 23:23 B C:\lazza\progetto\fot_hal_tot.exe <-- hal9000 /users/sax/lazza/objects2/Definitiva fot_hal_tot.exe
101.05.24 23:23 B C:\lazza\progetto\gginterface.pro <-- hal9000 /users/sax/lazza/objects2/Definitiva gginterface.pro
101.05.24 23:23 B C:\lazza\progetto\GGinterface__Define.pro <-- hal9000 /users/sax/lazza/objects2/Definitiva GGinterface__Define.pro
101.05.24 23:23 B C:\lazza\progetto\Ginterface__Define.pro <-- hal9000 /users/sax/lazza/objects2/Definitiva Ginterface__Define.pro
101.05.24 23:23 B C:\lazza\progetto\Ginterface__Define.pro~ <-- hal9000 /users/sax/lazza/objects2/Definitiva Ginterface__Define.pro~
101.05.24 23:23 B C:\lazza\progetto\GRBM_interface.pro <-- hal9000 /users/sax/lazza/objects2/Definitiva GRBM_interface.pro
101.05.24 23:23 B C:\lazza\progetto\GRBM_interface__Define.pro <-- hal9000 /users/sax/lazza/objects2/Definitiva GRBM_interface__Define.pro
101.05.24 23:23 B C:\lazza\progetto\GRBMcompile <-- hal9000 /users/sax/lazza/objects2/Definitiva GRBMcompile
101.05.24 23:23 B C:\lazza\progetto\GRBMhandGraf.pro <-- hal9000 /users/sax/lazza/objects2/Definitiva GRBMhandGraf.pro
101.05.24 23:23 B C:\lazza\progetto\GRBMhandGraf__Define.pro <-- hal9000 /users/sax/lazza/objects2/Definitiva GRBMhandGraf__Define.pro
101.05.24 23:23 B C:\lazza\progetto\GRBMhandler.pro <-- hal9000 /users/sax/lazza/objects2/Definitiva GRBMhandler.pro
101.05.24 23:23 B C:\lazza\progetto\GRBMhandler__Define.pro <-- hal9000 /users/sax/lazza/objects2/Definitiva GRBMhandler__Define.pro
101.05.24 23:23 B C:\lazza\progetto\GRBMhandler__Define.pro~ <-- hal9000 /users/sax/lazza/objects2/Definitiva GRBMhandler__Define.pro~
101.05.24 23:23 B C:\lazza\progetto\GRBMstartGraf <-- hal9000 /users/sax/lazza/objects2/Definitiva GRBMstartGraf
101.05.24 23:23 B C:\lazza\progetto\GRBMStartup <-- hal9000 /users/sax/lazza/objects2/Definitiva GRBMStartup
101.05.24 23:23 B C:\lazza\progetto\hextodec.pro <-- hal9000 /users/sax/lazza/objects2/Definitiva hextodec.pro
101.05.24 23:23 B C:\lazza\progetto\listato.txt <-- hal9000 /users/sax/lazza/objects2/Definitiva listato.txt
101.05.24 23:23 B C:\lazza\progetto\log.txt <-- hal9000 /users/sax/lazza/objects2/Definitiva log.txt
101.05.24 23:23 B C:\lazza\progetto\log2.txt <-- hal9000 /users/sax/lazza/objects2/Definitiva log2.txt
101.05.24 23:23 B C:\lazza\progetto\logburst.txt <-- hal9000 /users/sax/lazza/objects2/Definitiva logburst.txt
101.05.24 23:23 B C:\lazza\progetto\My_Object__Define.pro <-- hal9000 /users/sax/lazza/objects2/Definitiva My_Object__Define.pro
101.05.24 23:23 B C:\lazza\progetto\new_iniTimes.txt <-- hal9000 /users/sax/lazza/objects2/Definitiva new_iniTimes.txt
101.05.24 23:23 B C:\lazza\progetto\nfilist.txt <-- hal9000 /users/sax/lazza/objects2/Definitiva nfilist.txt
101.05.24 23:23 B C:\lazza\progetto\nfilist2.txt <-- hal9000 /users/sax/lazza/objects2/Definitiva nfilist2.txt
101.05.24 23:23 B C:\lazza\progetto\nobs.txt <-- hal9000 /users/sax/lazza/objects2/Definitiva nobs.txt
101.05.24 23:23 B C:\lazza\progetto\Observations.txt <-- hal9000 /users/sax/lazza/objects2/Definitiva Observations.txt
101.05.24 23:23 B C:\lazza\progetto\OP__Define.pro <-- hal9000 /users/sax/lazza/objects2/Definitiva OP__Define.pro
101.05.24 23:23 B C:\lazza\progetto\OP__Define.pro~ <-- hal9000 /users/sax/lazza/objects2/Definitiva OP__Define.pro~
101.05.24 23:23 B C:\lazza\progetto\OP_control.pro <-- hal9000 /users/sax/lazza/objects2/Definitiva OP_control.pro
101.05.24 23:23 B C:\lazza\progetto\OP_ordinati.txt <-- hal9000 /users/sax/lazza/objects2/Definitiva OP_ordinati.txt
101.05.24 23:23 B C:\lazza\progetto\OP_ordinati.txt~ <-- hal9000 /users/sax/lazza/objects2/Definitiva OP_ordinati.txt~
101.05.24 23:23 B C:\lazza\progetto\OPlist__Define.pro <-- hal9000 /users/sax/lazza/objects2/Definitiva OPlist__Define.pro
101.05.24 23:23 B C:\lazza\progetto\OPlist__Define.pro~ <-- hal9000 /users/sax/lazza/objects2/Definitiva OPlist__Define.pro~
101.05.24 23:23 B C:\lazza\progetto\OPtoget.txt <-- hal9000 /users/sax/lazza/objects2/Definitiva OPtoget.txt
101.05.24 23:23 B C:\lazza\progetto\pera.pro <-- hal9000 /users/sax/lazza/objects2/Definitiva pera.pro
101.05.24 23:23 B C:\lazza\progetto\progra1.pro <-- hal9000 /users/sax/lazza/objects2/Definitiva progra1.pro
101.05.24 23:23 B C:\lazza\progetto\progra2.pro <-- hal9000 /users/sax/lazza/objects2/Definitiva progra2.pro
101.05.24 23:23 B C:\lazza\progetto\prova.pro <-- hal9000 /users/sax/lazza/objects2/Definitiva prova.pro
101.05.24 23:23 B C:\lazza\progetto\punteggio__Define.pro <-- hal9000 /users/sax/lazza/objects2/Definitiva punteggio__Define.pro
101.05.24 23:23 B C:\lazza\progetto\raw_grbm_tot.exe <-- hal9000 /users/sax/lazza/objects2/Definitiva raw_grbm_tot.exe
101.05.24 23:23 B C:\lazza\progetto\raw_grbm_tot2.f <-- hal9000 /users/sax/lazza/objects2/Definitiva raw_grbm_tot2.f
101.05.24 23:23 B C:\lazza\progetto\risultati1.txt <-- hal9000 /users/sax/lazza/objects2/Definitiva risultati1.txt
101.05.24 23:23 B C:\lazza\progetto\risultati_finali.log <-- hal9000 /users/sax/lazza/objects2/Definitiva risultati_finali.log
101.05.24 23:23 B C:\lazza\progetto\script1 <-- hal9000 /users/sax/lazza/objects2/Definitiva script1
101.05.24 23:23 B C:\lazza\progetto\scrivi_nobs.pro <-- hal9000 /users/sax/lazza/objects2/Definitiva scrivi_nobs.pro
101.05.24 23:23 B C:\lazza\progetto\SDI_auto2_2001.pro <-- hal9000 /users/sax/lazza/objects2/Definitiva SDI_auto2_2001.pro
101.05.24 23:23 B C:\lazza\progetto\SDI_auto_2001.pro <-- hal9000 /users/sax/lazza/objects2/Definitiva SDI_auto_2001.pro
101.05.24 23:23 B C:\lazza\progetto\SDI_auto_2001.pro~ <-- hal9000 /users/sax/lazza/objects2/Definitiva SDI_auto_2001.pro~
101.05.24 23:23 B C:\lazza\progetto\SDIresult.txt <-- hal9000 /users/sax/lazza/objects2/Definitiva SDIresult.txt
101.05.24 23:23 B C:\lazza\progetto\SDIStartup <-- hal9000 /users/sax/lazza/objects2/Definitiva SDIStartup
101.05.24 23:23 B C:\lazza\progetto\shell.pro <-- hal9000 /users/sax/lazza/objects2/Definitiva shell.pro
101.05.24 23:23 B C:\lazza\progetto\spazzino.pro <-- hal9000 /users/sax/lazza/objects2/Definitiva spazzino.pro
101.05.24 23:23 B C:\lazza\progetto\start <-- hal9000 /users/sax/lazza/objects2/Definitiva start
101.05.24 23:23 B C:\lazza\progetto\temp <-- hal9000 /users/sax/lazza/objects2/Definitiva temp
101.05.24 23:23 B C:\lazza\progetto\temp.pro <-- hal9000 /users/sax/lazza/objects2/Definitiva temp.pro
101.05.24 23:23 B C:\lazza\progetto\tempo.pro <-- hal9000 /users/sax/lazza/objects2/Definitiva tempo.pro
101.05.24 23:23 B C:\lazza\progetto\tempo3.pro <-- hal9000 /users/sax/lazza/objects2/Definitiva tempo3.pro
101.05.24 23:23 B C:\lazza\progetto\tempo_grafico.pro <-- hal9000 /users/sax/lazza/objects2/Definitiva tempo_grafico.pro
101.05.24 23:23 B C:\lazza\progetto\test_SDIres.pro <-- hal9000 /users/sax/lazza/objects2/Definitiva test_SDIres.pro
101.05.24 23:23 B C:\lazza\progetto\trigfiles.txt <-- hal9000 /users/sax/lazza/objects2/Definitiva trigfiles.txt
101.05.24 23:23 B C:\lazza\progetto\trigNum.txt <-- hal9000 /users/sax/lazza/objects2/Definitiva trigNum.txt
101.05.24 23:23 B C:\lazza\progetto\trigtime.bat <-- hal9000 /users/sax/lazza/objects2/Definitiva trigtime.bat
101.05.24 23:23 B C:\lazza\progetto\trimFOTdir <-- hal9000 /users/sax/lazza/objects2/Definitiva trimFOTdir
101.05.24 23:23 B C:\lazza\progetto\uscita2.txt <-- hal9000 /users/sax/lazza/objects2/Definitiva uscita2.txt
101.05.24 23:23 B C:\lazza\progetto\vaxdir2.txt <-- hal9000 /users/sax/lazza/objects2/Definitiva vaxdir2.txt
101.05.24 23:23 B C:\lazza\progetto\voci_scartate.txt <-- hal9000 /users/sax/lazza/objects2/Definitiva voci_scartate.txt
101.05.24 23:23 B C:\lazza\progetto\xprinter.eps <-- hal9000 /users/sax/lazza/objects2/Definitiva xprinter.eps
101.05.25 18:54 B C:\lazza\progetto\#GRBM_han.log# <-- hal9000 /users/sax/lazza/objects2/Definitiva #GRBM_han.log#
101.05.25 18:54 B C:\lazza\progetto\10855.txt <-- hal9000 /users/sax/lazza/objects2/Definitiva 10855.txt
101.05.25 18:54 B C:\lazza\progetto\AcOP.txt <-- hal9000 /users/sax/lazza/objects2/Definitiva AcOP.txt
101.05.25 18:54 B C:\lazza\progetto\AcTrig.txt <-- hal9000 /users/sax/lazza/objects2/Definitiva AcTrig.txt
101.05.25 18:54 B C:\lazza\progetto\Again.tem <-- hal9000 /users/sax/lazza/objects2/Definitiva Again.tem
101.05.25 18:54 B C:\lazza\progetto\appoggio.txt <-- hal9000 /users/sax/lazza/objects2/Definitiva appoggio.txt
101.05.25 18:54 B C:\lazza\progetto\auto_fot_grbm_tot.exe <-- hal9000 /users/sax/lazza/objects2/Definitiva auto_fot_grbm_tot.exe
101.05.25 18:54 B C:\lazza\progetto\auto_fot_grbm_tot.f <-- hal9000 /users/sax/lazza/objects2/Definitiva auto_fot_grbm_tot.f
101.05.25 18:54 B C:\lazza\progetto\auto_fot_grbm_tot2.f <-- hal9000 /users/sax/lazza/objects2/Definitiva auto_fot_grbm_tot2.f
101.05.25 18:54 B C:\lazza\progetto\Burst__Define.pro <-- hal9000 /users/sax/lazza/objects2/Definitiva Burst__Define.pro
101.05.25 18:54 B C:\lazza\progetto\Burst__Define.pro~ <-- hal9000 /users/sax/lazza/objects2/Definitiva Burst__Define.pro~
101.05.25 18:54 B C:\lazza\progetto\calGRBMtime <-- hal9000 /users/sax/lazza/objects2/Definitiva calGRBMtime
101.05.25 18:54 B C:\lazza\progetto\converti.pro <-- hal9000 /users/sax/lazza/objects2/Definitiva converti.pro
101.05.25 18:54 B C:\lazza\progetto\coper.pro <-- hal9000 /users/sax/lazza/objects2/Definitiva coper.pro
101.05.25 18:54 B C:\lazza\progetto\coperta.pro <-- hal9000 /users/sax/lazza/objects2/Definitiva coperta.pro
101.05.25 18:54 B C:\lazza\progetto\copertura.pro <-- hal9000 /users/sax/lazza/objects2/Definitiva copertura.pro
101.05.25 18:54 B C:\lazza\progetto\core <-- hal9000 /users/sax/lazza/objects2/Definitiva core
101.05.25 18:54 B C:\lazza\progetto\corrotti.txt <-- hal9000 /users/sax/lazza/objects2/Definitiva corrotti.txt
101.05.25 18:54 B C:\lazza\progetto\CurrentObs.txt <-- hal9000 /users/sax/lazza/objects2/Definitiva CurrentObs.txt
101.05.25 18:54 B C:\lazza\progetto\dati_GRBM.doc <-- hal9000 /users/sax/lazza/objects2/Definitiva dati_GRBM.doc
101.05.25 18:54 B C:\lazza\progetto\direction__define.pro <-- hal9000 /users/sax/lazza/objects2/Definitiva direction__define.pro
101.05.25 18:54 B C:\lazza\progetto\disegna.pro <-- hal9000 /users/sax/lazza/objects2/Definitiva disegna.pro
101.05.25 18:54 B C:\lazza\progetto\Dur_SDIres.dat <-- hal9000 /users/sax/lazza/objects2/Definitiva Dur_SDIres.dat
101.05.25 18:54 B C:\lazza\progetto\Duration__Define.pro <-- hal9000 /users/sax/lazza/objects2/Definitiva Duration__Define.pro
101.05.25 18:54 B C:\lazza\progetto\Duration__Define.pro~ <-- hal9000 /users/sax/lazza/objects2/Definitiva Duration__Define.pro~
101.05.25 18:54 B C:\lazza\progetto\files.txt <-- hal9000 /users/sax/lazza/objects2/Definitiva files.txt
101.05.25 18:54 B C:\lazza\progetto\fit_times.txt <-- hal9000 /users/sax/lazza/objects2/Definitiva fit_times.txt
101.05.25 18:54 B C:\lazza\progetto\fot_grbm_tot.exe <-- hal9000 /users/sax/lazza/objects2/Definitiva fot_grbm_tot.exe
101.05.25 18:54 B C:\lazza\progetto\fot_grbm_tot.f <-- hal9000 /users/sax/lazza/objects2/Definitiva fot_grbm_tot.f
101.05.25 18:54 B C:\lazza\progetto\fot_hal_tot.exe <-- hal9000 /users/sax/lazza/objects2/Definitiva fot_hal_tot.exe
101.05.25 18:54 B C:\lazza\progetto\gginterface.pro <-- hal9000 /users/sax/lazza/objects2/Definitiva gginterface.pro
101.05.25 18:54 B C:\lazza\progetto\GGinterface__Define.pro <-- hal9000 /users/sax/lazza/objects2/Definitiva GGinterface__Define.pro
101.05.25 18:54 B C:\lazza\progetto\Ginterface__Define.pro <-- hal9000 /users/sax/lazza/objects2/Definitiva Ginterface__Define.pro
101.05.25 18:54 B C:\lazza\progetto\Ginterface__Define.pro~ <-- hal9000 /users/sax/lazza/objects2/Definitiva Ginterface__Define.pro~
101.05.25 18:54 B C:\lazza\progetto\GRBM_han.log <-- hal9000 /users/sax/lazza/objects2/Definitiva GRBM_han.log
101.05.25 18:54 B C:\lazza\progetto\GRBM_interface.pro <-- hal9000 /users/sax/lazza/objects2/Definitiva GRBM_interface.pro
101.05.25 18:54 B C:\lazza\progetto\GRBM_interface__Define.pro <-- hal9000 /users/sax/lazza/objects2/Definitiva GRBM_interface__Define.pro
101.05.25 18:54 B C:\lazza\progetto\GRBMcompile <-- hal9000 /users/sax/lazza/objects2/Definitiva GRBMcompile
101.05.25 18:54 B C:\lazza\progetto\GRBMhandGraf.pro <-- hal9000 /users/sax/lazza/objects2/Definitiva GRBMhandGraf.pro
101.05.25 18:54 B C:\lazza\progetto\GRBMhandGraf__Define.pro <-- hal9000 /users/sax/lazza/objects2/Definitiva GRBMhandGraf__Define.pro
101.05.25 18:54 B C:\lazza\progetto\GRBMhandler.pro <-- hal9000 /users/sax/lazza/objects2/Definitiva GRBMhandler.pro
101.05.25 18:54 B C:\lazza\progetto\GRBMhandler__Define.pro <-- hal9000 /users/sax/lazza/objects2/Definitiva GRBMhandler__Define.pro
101.05.25 18:54 B C:\lazza\progetto\GRBMhandler__Define.pro~ <-- hal9000 /users/sax/lazza/objects2/Definitiva GRBMhandler__Define.pro~
101.05.25 18:54 B C:\lazza\progetto\GRBMstartGraf <-- hal9000 /users/sax/lazza/objects2/Definitiva GRBMstartGraf
101.05.25 18:54 B C:\lazza\progetto\GRBMStartup <-- hal9000 /users/sax/lazza/objects2/Definitiva GRBMStartup
101.05.25 18:54 B C:\lazza\progetto\hextodec.pro <-- hal9000 /users/sax/lazza/objects2/Definitiva hextodec.pro
101.05.25 18:54 B C:\lazza\progetto\listato.txt <-- hal9000 /users/sax/lazza/objects2/Definitiva listato.txt
101.05.25 18:54 B C:\lazza\progetto\log.txt <-- hal9000 /users/sax/lazza/objects2/Definitiva log.txt
101.05.25 18:54 B C:\lazza\progetto\log2.txt <-- hal9000 /users/sax/lazza/objects2/Definitiva log2.txt
101.05.25 18:54 B C:\lazza\progetto\logburst.txt <-- hal9000 /users/sax/lazza/objects2/Definitiva logburst.txt
101.05.25 18:54 B C:\lazza\progetto\My_Object__Define.pro <-- hal9000 /users/sax/lazza/objects2/Definitiva My_Object__Define.pro
101.05.25 18:54 B C:\lazza\progetto\new_iniTimes.txt <-- hal9000 /users/sax/lazza/objects2/Definitiva new_iniTimes.txt
101.05.25 18:54 B C:\lazza\progetto\nfilist.txt <-- hal9000 /users/sax/lazza/objects2/Definitiva nfilist.txt
101.05.25 18:54 B C:\lazza\progetto\nfilist2.txt <-- hal9000 /users/sax/lazza/objects2/Definitiva nfilist2.txt
101.05.25 18:54 B C:\lazza\progetto\nobs.txt <-- hal9000 /users/sax/lazza/objects2/Definitiva nobs.txt
101.05.25 18:54 B C:\lazza\progetto\Observations.txt <-- hal9000 /users/sax/lazza/objects2/Definitiva Observations.txt
101.05.25 18:54 B C:\lazza\progetto\OP__Define.pro <-- hal9000 /users/sax/lazza/objects2/Definitiva OP__Define.pro
101.05.25 18:54 B C:\lazza\progetto\OP__Define.pro~ <-- hal9000 /users/sax/lazza/objects2/Definitiva OP__Define.pro~
101.05.25 18:54 B C:\lazza\progetto\OP_control.pro <-- hal9000 /users/sax/lazza/objects2/Definitiva OP_control.pro
101.05.25 18:54 B C:\lazza\progetto\OP_ordinati.txt <-- hal9000 /users/sax/lazza/objects2/Definitiva OP_ordinati.txt
101.05.25 18:54 B C:\lazza\progetto\OP_ordinati.txt~ <-- hal9000 /users/sax/lazza/objects2/Definitiva OP_ordinati.txt~
101.05.25 18:54 B C:\lazza\progetto\OPlist__Define.pro <-- hal9000 /users/sax/lazza/objects2/Definitiva OPlist__Define.pro
101.05.25 18:54 B C:\lazza\progetto\OPlist__Define.pro~ <-- hal9000 /users/sax/lazza/objects2/Definitiva OPlist__Define.pro~
101.05.25 18:54 B C:\lazza\progetto\pera.pro <-- hal9000 /users/sax/lazza/objects2/Definitiva pera.pro
101.05.25 18:54 B C:\lazza\progetto\Poi_SDIres.dat <-- hal9000 /users/sax/lazza/objects2/Definitiva Poi_SDIres.dat
101.05.25 18:54 B C:\lazza\progetto\progra1.pro <-- hal9000 /users/sax/lazza/objects2/Definitiva progra1.pro
101.05.25 18:54 B C:\lazza\progetto\progra2.pro <-- hal9000 /users/sax/lazza/objects2/Definitiva progra2.pro
101.05.25 18:54 B C:\lazza\progetto\prova.pro <-- hal9000 /users/sax/lazza/objects2/Definitiva prova.pro
101.05.25 18:54 B C:\lazza\progetto\punteggio__Define.pro <-- hal9000 /users/sax/lazza/objects2/Definitiva punteggio__Define.pro
101.05.25 18:54 B C:\lazza\progetto\punteggio__Define.pro~ <-- hal9000 /users/sax/lazza/objects2/Definitiva punteggio__Define.pro~
101.05.25 18:54 B C:\lazza\progetto\raw_grbm_tot.exe <-- hal9000 /users/sax/lazza/objects2/Definitiva raw_grbm_tot.exe
101.05.25 18:54 B C:\lazza\progetto\raw_grbm_tot2.f <-- hal9000 /users/sax/lazza/objects2/Definitiva raw_grbm_tot2.f
101.05.25 18:54 B C:\lazza\progetto\risultati1.txt <-- hal9000 /users/sax/lazza/objects2/Definitiva risultati1.txt
101.05.25 18:54 B C:\lazza\progetto\risultati_finali.log <-- hal9000 /users/sax/lazza/objects2/Definitiva risultati_finali.log
101.05.25 18:54 B C:\lazza\progetto\script1 <-- hal9000 /users/sax/lazza/objects2/Definitiva script1
101.05.25 18:54 B C:\lazza\progetto\scrivi_nobs.pro <-- hal9000 /users/sax/lazza/objects2/Definitiva scrivi_nobs.pro
101.05.25 18:54 B C:\lazza\progetto\SDI_auto2_2001.pro <-- hal9000 /users/sax/lazza/objects2/Definitiva SDI_auto2_2001.pro
101.05.25 18:54 B C:\lazza\progetto\SDI_auto_2001.pro <-- hal9000 /users/sax/lazza/objects2/Definitiva SDI_auto_2001.pro
101.05.25 18:54 B C:\lazza\progetto\SDI_auto_2001.pro~ <-- hal9000 /users/sax/lazza/objects2/Definitiva SDI_auto_2001.pro~
101.05.25 18:54 B C:\lazza\progetto\SDIresult.txt <-- hal9000 /users/sax/lazza/objects2/Definitiva SDIresult.txt
101.05.25 18:54 B C:\lazza\progetto\SDIStartup <-- hal9000 /users/sax/lazza/objects2/Definitiva SDIStartup
101.05.25 18:54 B C:\lazza\progetto\shell.pro <-- hal9000 /users/sax/lazza/objects2/Definitiva shell.pro
101.05.25 18:54 B C:\lazza\progetto\spazzino.pro <-- hal9000 /users/sax/lazza/objects2/Definitiva spazzino.pro
101.05.25 18:54 B C:\lazza\progetto\start <-- hal9000 /users/sax/lazza/objects2/Definitiva start
101.05.25 18:54 B C:\lazza\progetto\temp <-- hal9000 /users/sax/lazza/objects2/Definitiva temp
101.05.25 18:54 B C:\lazza\progetto\temp.pro <-- hal9000 /users/sax/lazza/objects2/Definitiva temp.pro
101.05.25 18:54 B C:\lazza\progetto\tempo.pro <-- hal9000 /users/sax/lazza/objects2/Definitiva tempo.pro
101.05.25 18:54 B C:\lazza\progetto\tempo3.pro <-- hal9000 /users/sax/lazza/objects2/Definitiva tempo3.pro
101.05.25 18:54 B C:\lazza\progetto\tempo_grafico.pro <-- hal9000 /users/sax/lazza/objects2/Definitiva tempo_grafico.pro
101.05.25 18:54 B C:\lazza\progetto\test_SDIres.pro <-- hal9000 /users/sax/lazza/objects2/Definitiva test_SDIres.pro
101.05.25 18:54 B C:\lazza\progetto\trigfiles.txt <-- hal9000 /users/sax/lazza/objects2/Definitiva trigfiles.txt
101.05.25 18:54 B C:\lazza\progetto\trigNum.txt <-- hal9000 /users/sax/lazza/objects2/Definitiva trigNum.txt
101.05.25 18:54 B C:\lazza\progetto\trigtime.bat <-- hal9000 /users/sax/lazza/objects2/Definitiva trigtime.bat
101.05.25 18:54 B C:\lazza\progetto\trimFOTdir <-- hal9000 /users/sax/lazza/objects2/Definitiva trimFOTdir
101.05.25 18:54 B C:\lazza\progetto\uscita2.txt <-- hal9000 /users/sax/lazza/objects2/Definitiva uscita2.txt
101.05.25 18:54 B C:\lazza\progetto\vaxdir2.txt <-- hal9000 /users/sax/lazza/objects2/Definitiva vaxdir2.txt
101.05.25 18:54 B C:\lazza\progetto\voci_scartate.txt <-- hal9000 /users/sax/lazza/objects2/Definitiva voci_scartate.txt
101.05.25 18:54 B C:\lazza\progetto\xprinter.eps <-- hal9000 /users/sax/lazza/objects2/Definitiva xprinter.eps
101.05.28 21:50 B C:\lazza\progetto\#GRBM_han.log# <-- hal9000 /users/sax/lazza/objects2/Definitiva #GRBM_han.log#
101.05.28 21:50 B C:\lazza\progetto\10855.txt <-- hal9000 /users/sax/lazza/objects2/Definitiva 10855.txt
101.05.28 21:50 B C:\lazza\progetto\AcOP.txt <-- hal9000 /users/sax/lazza/objects2/Definitiva AcOP.txt
101.05.28 21:50 B C:\lazza\progetto\AcTrig.txt <-- hal9000 /users/sax/lazza/objects2/Definitiva AcTrig.txt
101.05.28 21:50 B C:\lazza\progetto\Again.tem <-- hal9000 /users/sax/lazza/objects2/Definitiva Again.tem
101.05.28 21:50 B C:\lazza\progetto\appoggio.txt <-- hal9000 /users/sax/lazza/objects2/Definitiva appoggio.txt
101.05.28 21:50 B C:\lazza\progetto\auto_fot_grbm_tot.exe <-- hal9000 /users/sax/lazza/objects2/Definitiva auto_fot_grbm_tot.exe
101.05.28 21:50 B C:\lazza\progetto\auto_fot_grbm_tot.f <-- hal9000 /users/sax/lazza/objects2/Definitiva auto_fot_grbm_tot.f
101.05.28 21:50 B C:\lazza\progetto\auto_fot_grbm_tot2.f <-- hal9000 /users/sax/lazza/objects2/Definitiva auto_fot_grbm_tot2.f
101.05.28 21:50 B C:\lazza\progetto\Burst__Define.pro <-- hal9000 /users/sax/lazza/objects2/Definitiva Burst__Define.pro
101.05.28 21:50 B C:\lazza\progetto\calGRBMtime <-- hal9000 /users/sax/lazza/objects2/Definitiva calGRBMtime
101.05.28 21:50 B C:\lazza\progetto\converti.pro <-- hal9000 /users/sax/lazza/objects2/Definitiva converti.pro
101.05.28 21:50 B C:\lazza\progetto\coper.pro <-- hal9000 /users/sax/lazza/objects2/Definitiva coper.pro
101.05.28 21:50 B C:\lazza\progetto\coperta.pro <-- hal9000 /users/sax/lazza/objects2/Definitiva coperta.pro
101.05.28 21:50 B C:\lazza\progetto\copertura.pro <-- hal9000 /users/sax/lazza/objects2/Definitiva copertura.pro
101.05.28 21:50 B C:\lazza\progetto\core <-- hal9000 /users/sax/lazza/objects2/Definitiva core
101.05.28 21:50 B C:\lazza\progetto\corrotti.txt <-- hal9000 /users/sax/lazza/objects2/Definitiva corrotti.txt
101.05.28 21:50 B C:\lazza\progetto\CurrentObs.txt <-- hal9000 /users/sax/lazza/objects2/Definitiva CurrentObs.txt
101.05.28 21:50 B C:\lazza\progetto\dati_GRBM.doc <-- hal9000 /users/sax/lazza/objects2/Definitiva dati_GRBM.doc
101.05.28 21:50 B C:\lazza\progetto\direction__define.pro <-- hal9000 /users/sax/lazza/objects2/Definitiva direction__define.pro
101.05.28 21:50 B C:\lazza\progetto\direction__Define.pro <-- hal9000 /users/sax/lazza/objects2/Definitiva direction__Define.pro
101.05.28 21:50 B C:\lazza\progetto\disegna.pro <-- hal9000 /users/sax/lazza/objects2/Definitiva disegna.pro
101.05.28 21:50 B C:\lazza\progetto\Dur_SDIres.dat <-- hal9000 /users/sax/lazza/objects2/Definitiva Dur_SDIres.dat
101.05.28 21:50 B C:\lazza\progetto\Duration__Define.pro <-- hal9000 /users/sax/lazza/objects2/Definitiva Duration__Define.pro
101.05.28 21:50 B C:\lazza\progetto\files.txt <-- hal9000 /users/sax/lazza/objects2/Definitiva files.txt
101.05.28 21:50 B C:\lazza\progetto\fit_times.txt <-- hal9000 /users/sax/lazza/objects2/Definitiva fit_times.txt
101.05.28 21:50 B C:\lazza\progetto\fot_grbm_tot.exe <-- hal9000 /users/sax/lazza/objects2/Definitiva fot_grbm_tot.exe
101.05.28 21:50 B C:\lazza\progetto\fot_grbm_tot.f <-- hal9000 /users/sax/lazza/objects2/Definitiva fot_grbm_tot.f
101.05.28 21:50 B C:\lazza\progetto\fot_hal_tot.exe <-- hal9000 /users/sax/lazza/objects2/Definitiva fot_hal_tot.exe
101.05.28 21:50 B C:\lazza\progetto\gginterface.pro <-- hal9000 /users/sax/lazza/objects2/Definitiva gginterface.pro
101.05.28 21:50 B C:\lazza\progetto\GGinterface__Define.pro <-- hal9000 /users/sax/lazza/objects2/Definitiva GGinterface__Define.pro
101.05.28 21:50 B C:\lazza\progetto\Ginterface__Define.pro <-- hal9000 /users/sax/lazza/objects2/Definitiva Ginterface__Define.pro
101.05.28 21:50 B C:\lazza\progetto\GRBM_han.log <-- hal9000 /users/sax/lazza/objects2/Definitiva GRBM_han.log
101.05.28 21:50 B C:\lazza\progetto\GRBM_interface.pro <-- hal9000 /users/sax/lazza/objects2/Definitiva GRBM_interface.pro
101.05.28 21:50 B C:\lazza\progetto\GRBM_interface__Define.pro <-- hal9000 /users/sax/lazza/objects2/Definitiva GRBM_interface__Define.pro
101.05.28 21:50 B C:\lazza\progetto\GRBMcompile <-- hal9000 /users/sax/lazza/objects2/Definitiva GRBMcompile
101.05.28 21:50 B C:\lazza\progetto\GRBMhandGraf.pro <-- hal9000 /users/sax/lazza/objects2/Definitiva GRBMhandGraf.pro
101.05.28 21:50 B C:\lazza\progetto\GRBMhandGraf__Define.pro <-- hal9000 /users/sax/lazza/objects2/Definitiva GRBMhandGraf__Define.pro
101.05.28 21:50 B C:\lazza\progetto\GRBMhandler.pro <-- hal9000 /users/sax/lazza/objects2/Definitiva GRBMhandler.pro
101.05.28 21:50 B C:\lazza\progetto\GRBMhandler__Define.pro <-- hal9000 /users/sax/lazza/objects2/Definitiva GRBMhandler__Define.pro
101.05.28 21:50 B C:\lazza\progetto\GRBMhandler__Define.pro~ <-- hal9000 /users/sax/lazza/objects2/Definitiva GRBMhandler__Define.pro~
101.05.28 21:50 B C:\lazza\progetto\GRBMstartGraf <-- hal9000 /users/sax/lazza/objects2/Definitiva GRBMstartGraf
101.05.28 21:50 B C:\lazza\progetto\GRBMStartup <-- hal9000 /users/sax/lazza/objects2/Definitiva GRBMStartup
101.05.28 21:50 B C:\lazza\progetto\hextodec.pro <-- hal9000 /users/sax/lazza/objects2/Definitiva hextodec.pro
101.05.28 21:50 B C:\lazza\progetto\listato.txt <-- hal9000 /users/sax/lazza/objects2/Definitiva listato.txt
101.05.28 21:50 B C:\lazza\progetto\log.txt <-- hal9000 /users/sax/lazza/objects2/Definitiva log.txt
101.05.28 21:50 B C:\lazza\progetto\log2.txt <-- hal9000 /users/sax/lazza/objects2/Definitiva log2.txt
101.05.28 21:50 B C:\lazza\progetto\logburst.txt <-- hal9000 /users/sax/lazza/objects2/Definitiva logburst.txt
101.05.28 21:50 B C:\lazza\progetto\My_Object__Define.pro <-- hal9000 /users/sax/lazza/objects2/Definitiva My_Object__Define.pro
101.05.28 21:50 B C:\lazza\progetto\new_iniTimes.txt <-- hal9000 /users/sax/lazza/objects2/Definitiva new_iniTimes.txt
101.05.28 21:50 B C:\lazza\progetto\nfilist.txt <-- hal9000 /users/sax/lazza/objects2/Definitiva nfilist.txt
101.05.28 21:50 B C:\lazza\progetto\nfilist2.txt <-- hal9000 /users/sax/lazza/objects2/Definitiva nfilist2.txt
101.05.28 21:50 B C:\lazza\progetto\nobs.txt <-- hal9000 /users/sax/lazza/objects2/Definitiva nobs.txt
101.05.28 21:50 B C:\lazza\progetto\Observations.txt <-- hal9000 /users/sax/lazza/objects2/Definitiva Observations.txt
101.05.28 21:50 B C:\lazza\progetto\OP__Define.pro <-- hal9000 /users/sax/lazza/objects2/Definitiva OP__Define.pro
101.05.28 21:50 B C:\lazza\progetto\OP__Define.pro~ <-- hal9000 /users/sax/lazza/objects2/Definitiva OP__Define.pro~
101.05.28 21:50 B C:\lazza\progetto\OP_control.pro <-- hal9000 /users/sax/lazza/objects2/Definitiva OP_control.pro
101.05.28 21:50 B C:\lazza\progetto\OP_ordinati.txt <-- hal9000 /users/sax/lazza/objects2/Definitiva OP_ordinati.txt
101.05.28 21:50 B C:\lazza\progetto\OP_ordinati.txt~ <-- hal9000 /users/sax/lazza/objects2/Definitiva OP_ordinati.txt~
101.05.28 21:50 B C:\lazza\progetto\OPlist__Define.pro <-- hal9000 /users/sax/lazza/objects2/Definitiva OPlist__Define.pro
101.05.28 21:50 B C:\lazza\progetto\OPlist__Define.pro~ <-- hal9000 /users/sax/lazza/objects2/Definitiva OPlist__Define.pro~
101.05.28 21:50 B C:\lazza\progetto\OPtoget.txt <-- hal9000 /users/sax/lazza/objects2/Definitiva OPtoget.txt
101.05.28 21:50 B C:\lazza\progetto\pera.pro <-- hal9000 /users/sax/lazza/objects2/Definitiva pera.pro
101.05.28 21:50 B C:\lazza\progetto\Poi_SDIres.dat <-- hal9000 /users/sax/lazza/objects2/Definitiva Poi_SDIres.dat
101.05.28 21:50 B C:\lazza\progetto\progra1.pro <-- hal9000 /users/sax/lazza/objects2/Definitiva progra1.pro
101.05.28 21:50 B C:\lazza\progetto\progra2.pro <-- hal9000 /users/sax/lazza/objects2/Definitiva progra2.pro
101.05.28 21:50 B C:\lazza\progetto\prova.pro <-- hal9000 /users/sax/lazza/objects2/Definitiva prova.pro
101.05.28 21:50 B C:\lazza\progetto\punteggio__Define.pro <-- hal9000 /users/sax/lazza/objects2/Definitiva punteggio__Define.pro
101.05.28 21:50 B C:\lazza\progetto\punteggio__Define.pro~ <-- hal9000 /users/sax/lazza/objects2/Definitiva punteggio__Define.pro~
101.05.28 21:50 B C:\lazza\progetto\raw_grbm_tot.exe <-- hal9000 /users/sax/lazza/objects2/Definitiva raw_grbm_tot.exe
101.05.28 21:50 B C:\lazza\progetto\raw_grbm_tot2.f <-- hal9000 /users/sax/lazza/objects2/Definitiva raw_grbm_tot2.f
101.05.28 21:50 B C:\lazza\progetto\risultati1.txt <-- hal9000 /users/sax/lazza/objects2/Definitiva risultati1.txt
101.05.28 21:50 B C:\lazza\progetto\risultati_finali.log <-- hal9000 /users/sax/lazza/objects2/Definitiva risultati_finali.log
101.05.28 21:50 B C:\lazza\progetto\script1 <-- hal9000 /users/sax/lazza/objects2/Definitiva script1
101.05.28 21:50 B C:\lazza\progetto\scrivi_nobs.pro <-- hal9000 /users/sax/lazza/objects2/Definitiva scrivi_nobs.pro
101.05.28 21:50 B C:\lazza\progetto\SDI_auto2_2001.pro <-- hal9000 /users/sax/lazza/objects2/Definitiva SDI_auto2_2001.pro
101.05.28 21:50 B C:\lazza\progetto\SDI_auto_2001.pro <-- hal9000 /users/sax/lazza/objects2/Definitiva SDI_auto_2001.pro
101.05.28 21:50 B C:\lazza\progetto\SDI_auto_2001.pro~ <-- hal9000 /users/sax/lazza/objects2/Definitiva SDI_auto_2001.pro~
101.05.28 21:50 B C:\lazza\progetto\SDIresult.txt <-- hal9000 /users/sax/lazza/objects2/Definitiva SDIresult.txt
101.05.28 21:50 B C:\lazza\progetto\SDIStartup <-- hal9000 /users/sax/lazza/objects2/Definitiva SDIStartup
101.05.28 21:50 B C:\lazza\progetto\shell.pro <-- hal9000 /users/sax/lazza/objects2/Definitiva shell.pro
101.05.28 21:50 B C:\lazza\progetto\spazzino.pro <-- hal9000 /users/sax/lazza/objects2/Definitiva spazzino.pro
101.05.28 21:50 B C:\lazza\progetto\start <-- hal9000 /users/sax/lazza/objects2/Definitiva start
101.05.28 21:50 B C:\lazza\progetto\temp <-- hal9000 /users/sax/lazza/objects2/Definitiva temp
101.05.28 21:50 B C:\lazza\progetto\temp.pro <-- hal9000 /users/sax/lazza/objects2/Definitiva temp.pro
101.05.28 21:51 B C:\lazza\progetto\tempo.pro <-- hal9000 /users/sax/lazza/objects2/Definitiva tempo.pro
101.05.28 21:51 B C:\lazza\progetto\tempo3.pro <-- hal9000 /users/sax/lazza/objects2/Definitiva tempo3.pro
101.05.28 21:51 B C:\lazza\progetto\tempo_grafico.pro <-- hal9000 /users/sax/lazza/objects2/Definitiva tempo_grafico.pro
101.05.28 21:51 B C:\lazza\progetto\test_SDIres.pro <-- hal9000 /users/sax/lazza/objects2/Definitiva test_SDIres.pro
101.05.28 21:51 B C:\lazza\progetto\trigfiles.txt <-- hal9000 /users/sax/lazza/objects2/Definitiva trigfiles.txt
101.05.28 21:51 B C:\lazza\progetto\trigNum.txt <-- hal9000 /users/sax/lazza/objects2/Definitiva trigNum.txt
101.05.28 21:51 B C:\lazza\progetto\trigtime.bat <-- hal9000 /users/sax/lazza/objects2/Definitiva trigtime.bat
101.05.28 21:51 B C:\lazza\progetto\trimFOTdir <-- hal9000 /users/sax/lazza/objects2/Definitiva trimFOTdir
101.05.28 21:51 B C:\lazza\progetto\uscita2.txt <-- hal9000 /users/sax/lazza/objects2/Definitiva uscita2.txt
101.05.28 21:51 B C:\lazza\progetto\vaxdir2.txt <-- hal9000 /users/sax/lazza/objects2/Definitiva vaxdir2.txt
101.05.28 21:51 B C:\lazza\progetto\voci_scartate.txt <-- hal9000 /users/sax/lazza/objects2/Definitiva voci_scartate.txt
101.05.28 21:51 B C:\lazza\progetto\xprinter.eps <-- hal9000 /users/sax/lazza/objects2/Definitiva xprinter.eps
101.06.08 00:49 B C:\lazza\progetto\#GRBM_han.log# <-- hal9000 /users/sax/lazza/objects2/Definitiva #GRBM_han.log#
101.06.08 00:49 B C:\lazza\progetto\10855.txt <-- hal9000 /users/sax/lazza/objects2/Definitiva 10855.txt
101.06.08 00:49 B C:\lazza\progetto\AcOP.txt <-- hal9000 /users/sax/lazza/objects2/Definitiva AcOP.txt
101.06.08 00:49 B C:\lazza\progetto\AcTrig.txt <-- hal9000 /users/sax/lazza/objects2/Definitiva AcTrig.txt
101.06.08 00:49 B C:\lazza\progetto\Again.tem <-- hal9000 /users/sax/lazza/objects2/Definitiva Again.tem
101.06.08 00:49 B C:\lazza\progetto\appoggio.txt <-- hal9000 /users/sax/lazza/objects2/Definitiva appoggio.txt
101.06.08 00:49 B C:\lazza\progetto\auto_fot_grbm_tot.exe <-- hal9000 /users/sax/lazza/objects2/Definitiva auto_fot_grbm_tot.exe
101.06.08 00:49 B C:\lazza\progetto\auto_fot_grbm_tot.f <-- hal9000 /users/sax/lazza/objects2/Definitiva auto_fot_grbm_tot.f
101.06.08 00:49 B C:\lazza\progetto\auto_fot_grbm_tot2.exe <-- hal9000 /users/sax/lazza/objects2/Definitiva auto_fot_grbm_tot2.exe
101.06.08 00:49 B C:\lazza\progetto\auto_fot_grbm_tot2.f <-- hal9000 /users/sax/lazza/objects2/Definitiva auto_fot_grbm_tot2.f
101.06.08 00:49 B C:\lazza\progetto\Burst__Define.pro <-- hal9000 /users/sax/lazza/objects2/Definitiva Burst__Define.pro
101.06.08 00:49 B C:\lazza\progetto\Burst__Define.pro~ <-- hal9000 /users/sax/lazza/objects2/Definitiva Burst__Define.pro~
101.06.08 00:49 B C:\lazza\progetto\calGRBMtime <-- hal9000 /users/sax/lazza/objects2/Definitiva calGRBMtime
101.06.08 00:49 B C:\lazza\progetto\converti.pro <-- hal9000 /users/sax/lazza/objects2/Definitiva converti.pro
101.06.08 00:49 B C:\lazza\progetto\coper.pro <-- hal9000 /users/sax/lazza/objects2/Definitiva coper.pro
101.06.08 00:49 B C:\lazza\progetto\coperta.pro <-- hal9000 /users/sax/lazza/objects2/Definitiva coperta.pro
101.06.08 00:49 B C:\lazza\progetto\copertura.pro <-- hal9000 /users/sax/lazza/objects2/Definitiva copertura.pro
101.06.08 00:49 B C:\lazza\progetto\core <-- hal9000 /users/sax/lazza/objects2/Definitiva core
101.06.08 00:49 B C:\lazza\progetto\corrotti.txt <-- hal9000 /users/sax/lazza/objects2/Definitiva corrotti.txt
101.06.08 00:49 B C:\lazza\progetto\CurrentObs.txt <-- hal9000 /users/sax/lazza/objects2/Definitiva CurrentObs.txt
101.06.08 00:49 B C:\lazza\progetto\dati_GRBM.doc <-- hal9000 /users/sax/lazza/objects2/Definitiva dati_GRBM.doc
101.06.08 00:49 B C:\lazza\progetto\direction__define.pro <-- hal9000 /users/sax/lazza/objects2/Definitiva direction__define.pro
101.06.08 00:49 B C:\lazza\progetto\direction__Define.pro <-- hal9000 /users/sax/lazza/objects2/Definitiva direction__Define.pro
101.06.08 00:49 B C:\lazza\progetto\disegna.pro <-- hal9000 /users/sax/lazza/objects2/Definitiva disegna.pro
101.06.08 00:49 B C:\lazza\progetto\Dur_SDIres.dat <-- hal9000 /users/sax/lazza/objects2/Definitiva Dur_SDIres.dat
101.06.08 00:49 B C:\lazza\progetto\Duration__Define.pro <-- hal9000 /users/sax/lazza/objects2/Definitiva Duration__Define.pro
101.06.08 00:49 B C:\lazza\progetto\Duration__Define.pro~ <-- hal9000 /users/sax/lazza/objects2/Definitiva Duration__Define.pro~
101.06.08 00:49 B C:\lazza\progetto\esecuzione.txt <-- hal9000 /users/sax/lazza/objects2/Definitiva esecuzione.txt
101.06.08 00:49 B C:\lazza\progetto\files.txt <-- hal9000 /users/sax/lazza/objects2/Definitiva files.txt
101.06.08 00:49 B C:\lazza\progetto\fit_times.txt <-- hal9000 /users/sax/lazza/objects2/Definitiva fit_times.txt
101.06.08 00:49 B C:\lazza\progetto\fot_grbm_tot.exe <-- hal9000 /users/sax/lazza/objects2/Definitiva fot_grbm_tot.exe
101.06.08 00:49 B C:\lazza\progetto\fot_grbm_tot.f <-- hal9000 /users/sax/lazza/objects2/Definitiva fot_grbm_tot.f
101.06.08 00:49 B C:\lazza\progetto\fot_hal_tot.exe <-- hal9000 /users/sax/lazza/objects2/Definitiva fot_hal_tot.exe
101.06.08 00:49 B C:\lazza\progetto\gginterface.pro <-- hal9000 /users/sax/lazza/objects2/Definitiva gginterface.pro
101.06.08 00:49 B C:\lazza\progetto\GGinterface__Define.pro <-- hal9000 /users/sax/lazza/objects2/Definitiva GGinterface__Define.pro
101.06.08 00:49 B C:\lazza\progetto\Ginterface__Define.pro <-- hal9000 /users/sax/lazza/objects2/Definitiva Ginterface__Define.pro
101.06.08 00:49 B C:\lazza\progetto\Ginterface__Define.pro~ <-- hal9000 /users/sax/lazza/objects2/Definitiva Ginterface__Define.pro~
101.06.08 00:49 B C:\lazza\progetto\GRBM_han.log <-- hal9000 /users/sax/lazza/objects2/Definitiva GRBM_han.log
101.06.08 00:49 B C:\lazza\progetto\GRBM_interface.pro <-- hal9000 /users/sax/lazza/objects2/Definitiva GRBM_interface.pro
101.06.08 00:49 B C:\lazza\progetto\GRBM_interface__Define.pro <-- hal9000 /users/sax/lazza/objects2/Definitiva GRBM_interface__Define.pro
101.06.08 00:49 B C:\lazza\progetto\GRBMcompile <-- hal9000 /users/sax/lazza/objects2/Definitiva GRBMcompile
101.06.08 00:49 B C:\lazza\progetto\GRBMhandGraf.pro <-- hal9000 /users/sax/lazza/objects2/Definitiva GRBMhandGraf.pro
101.06.08 00:49 B C:\lazza\progetto\GRBMhandGraf__Define.pro <-- hal9000 /users/sax/lazza/objects2/Definitiva GRBMhandGraf__Define.pro
101.06.08 00:49 B C:\lazza\progetto\GRBMhandler.pro <-- hal9000 /users/sax/lazza/objects2/Definitiva GRBMhandler.pro
101.06.08 00:49 B C:\lazza\progetto\GRBMhandler__Define.pro <-- hal9000 /users/sax/lazza/objects2/Definitiva GRBMhandler__Define.pro
101.06.08 00:49 B C:\lazza\progetto\GRBMhandler__Define.pro~ <-- hal9000 /users/sax/lazza/objects2/Definitiva GRBMhandler__Define.pro~
101.06.08 00:49 B C:\lazza\progetto\GRBMstartGraf <-- hal9000 /users/sax/lazza/objects2/Definitiva GRBMstartGraf
101.06.08 00:49 B C:\lazza\progetto\GRBMStartup <-- hal9000 /users/sax/lazza/objects2/Definitiva GRBMStartup
101.06.08 00:49 B C:\lazza\progetto\hextodec.pro <-- hal9000 /users/sax/lazza/objects2/Definitiva hextodec.pro
101.06.08 00:49 B C:\lazza\progetto\hp4 <-- hal9000 /users/sax/lazza/objects2/Definitiva hp4
101.06.08 00:49 B C:\lazza\progetto\listato.txt <-- hal9000 /users/sax/lazza/objects2/Definitiva listato.txt
101.06.08 00:49 B C:\lazza\progetto\log.txt <-- hal9000 /users/sax/lazza/objects2/Definitiva log.txt
101.06.08 00:49 B C:\lazza\progetto\log2.txt <-- hal9000 /users/sax/lazza/objects2/Definitiva log2.txt
101.06.08 00:49 B C:\lazza\progetto\logburst.txt <-- hal9000 /users/sax/lazza/objects2/Definitiva logburst.txt
101.06.08 00:49 B C:\lazza\progetto\My_Object__Define.pro <-- hal9000 /users/sax/lazza/objects2/Definitiva My_Object__Define.pro
101.06.08 00:49 B C:\lazza\progetto\new_iniTimes.txt <-- hal9000 /users/sax/lazza/objects2/Definitiva new_iniTimes.txt
101.06.08 00:49 B C:\lazza\progetto\nfilist.txt <-- hal9000 /users/sax/lazza/objects2/Definitiva nfilist.txt
101.06.08 00:49 B C:\lazza\progetto\nfilist2.txt <-- hal9000 /users/sax/lazza/objects2/Definitiva nfilist2.txt
101.06.08 00:49 B C:\lazza\progetto\nobs.txt <-- hal9000 /users/sax/lazza/objects2/Definitiva nobs.txt
101.06.08 00:49 B C:\lazza\progetto\Observations.txt <-- hal9000 /users/sax/lazza/objects2/Definitiva Observations.txt
101.06.08 00:49 B C:\lazza\progetto\OP__Define.pro <-- hal9000 /users/sax/lazza/objects2/Definitiva OP__Define.pro
101.06.08 00:49 B C:\lazza\progetto\OP__Define.pro~ <-- hal9000 /users/sax/lazza/objects2/Definitiva OP__Define.pro~
101.06.08 00:49 B C:\lazza\progetto\OP_control.pro <-- hal9000 /users/sax/lazza/objects2/Definitiva OP_control.pro
101.06.08 00:49 B C:\lazza\progetto\OP_control.pro~ <-- hal9000 /users/sax/lazza/objects2/Definitiva OP_control.pro~
101.06.08 00:49 B C:\lazza\progetto\OP_ordinati.txt <-- hal9000 /users/sax/lazza/objects2/Definitiva OP_ordinati.txt
101.06.08 00:49 B C:\lazza\progetto\OP_ordinati.txt~ <-- hal9000 /users/sax/lazza/objects2/Definitiva OP_ordinati.txt~
101.06.08 00:49 B C:\lazza\progetto\OPlist__Define.pro <-- hal9000 /users/sax/lazza/objects2/Definitiva OPlist__Define.pro
101.06.08 00:49 B C:\lazza\progetto\OPlist__Define.pro~ <-- hal9000 /users/sax/lazza/objects2/Definitiva OPlist__Define.pro~
101.06.08 00:49 B C:\lazza\progetto\OPtoget.txt <-- hal9000 /users/sax/lazza/objects2/Definitiva OPtoget.txt
101.06.08 00:49 B C:\lazza\progetto\pera.pro <-- hal9000 /users/sax/lazza/objects2/Definitiva pera.pro
101.06.08 00:49 B C:\lazza\progetto\Poi_SDIres.dat <-- hal9000 /users/sax/lazza/objects2/Definitiva Poi_SDIres.dat
101.06.08 00:49 B C:\lazza\progetto\progra1.pro <-- hal9000 /users/sax/lazza/objects2/Definitiva progra1.pro
101.06.08 00:49 B C:\lazza\progetto\progra2.pro <-- hal9000 /users/sax/lazza/objects2/Definitiva progra2.pro
101.06.08 00:49 B C:\lazza\progetto\prova.pro <-- hal9000 /users/sax/lazza/objects2/Definitiva prova.pro
101.06.08 00:49 B C:\lazza\progetto\punteggio__Define.pro <-- hal9000 /users/sax/lazza/objects2/Definitiva punteggio__Define.pro
101.06.08 00:49 B C:\lazza\progetto\punteggio__Define.pro~ <-- hal9000 /users/sax/lazza/objects2/Definitiva punteggio__Define.pro~
101.06.08 00:49 B C:\lazza\progetto\raw_grbm_tot.exe <-- hal9000 /users/sax/lazza/objects2/Definitiva raw_grbm_tot.exe
101.06.08 00:49 B C:\lazza\progetto\raw_grbm_tot2.f <-- hal9000 /users/sax/lazza/objects2/Definitiva raw_grbm_tot2.f
101.06.08 00:49 B C:\lazza\progetto\risultati1.txt <-- hal9000 /users/sax/lazza/objects2/Definitiva risultati1.txt
101.06.08 00:49 B C:\lazza\progetto\risultati_finali.log <-- hal9000 /users/sax/lazza/objects2/Definitiva risultati_finali.log
101.06.08 00:49 B C:\lazza\progetto\script1 <-- hal9000 /users/sax/lazza/objects2/Definitiva script1
101.06.08 00:49 B C:\lazza\progetto\scrivi_nobs.pro <-- hal9000 /users/sax/lazza/objects2/Definitiva scrivi_nobs.pro
101.06.08 00:49 B C:\lazza\progetto\SDI_auto2_2001.pro <-- hal9000 /users/sax/lazza/objects2/Definitiva SDI_auto2_2001.pro
101.06.08 00:49 B C:\lazza\progetto\SDI_auto_2001.pro <-- hal9000 /users/sax/lazza/objects2/Definitiva SDI_auto_2001.pro
101.06.08 00:49 B C:\lazza\progetto\SDI_auto_2001.pro~ <-- hal9000 /users/sax/lazza/objects2/Definitiva SDI_auto_2001.pro~
101.06.08 00:49 B C:\lazza\progetto\SDI_man_2001.pro <-- hal9000 /users/sax/lazza/objects2/Definitiva SDI_man_2001.pro
101.06.08 00:49 B C:\lazza\progetto\SDI_man_2001.pro~ <-- hal9000 /users/sax/lazza/objects2/Definitiva SDI_man_2001.pro~
101.06.08 00:49 B C:\lazza\progetto\SDI_manual.pro <-- hal9000 /users/sax/lazza/objects2/Definitiva SDI_manual.pro
101.06.08 00:49 B C:\lazza\progetto\SDI_manual.pro~ <-- hal9000 /users/sax/lazza/objects2/Definitiva SDI_manual.pro~
101.06.08 00:49 B C:\lazza\progetto\SDIman <-- hal9000 /users/sax/lazza/objects2/Definitiva SDIman
101.06.08 00:49 B C:\lazza\progetto\SDImanStartup <-- hal9000 /users/sax/lazza/objects2/Definitiva SDImanStartup
101.06.08 00:49 B C:\lazza\progetto\SDImanStartup~ <-- hal9000 /users/sax/lazza/objects2/Definitiva SDImanStartup~
101.06.08 00:49 B C:\lazza\progetto\SDIman~ <-- hal9000 /users/sax/lazza/objects2/Definitiva SDIman~
101.06.08 00:49 B C:\lazza\progetto\SDIresult.txt <-- hal9000 /users/sax/lazza/objects2/Definitiva SDIresult.txt
101.06.08 00:49 B C:\lazza\progetto\SDIStartup <-- hal9000 /users/sax/lazza/objects2/Definitiva SDIStartup
101.06.08 00:49 B C:\lazza\progetto\shell.pro <-- hal9000 /users/sax/lazza/objects2/Definitiva shell.pro
101.06.08 00:49 B C:\lazza\progetto\spazzino.pro <-- hal9000 /users/sax/lazza/objects2/Definitiva spazzino.pro
101.06.08 00:49 B C:\lazza\progetto\start <-- hal9000 /users/sax/lazza/objects2/Definitiva start
101.06.08 00:49 B C:\lazza\progetto\temp <-- hal9000 /users/sax/lazza/objects2/Definitiva temp
101.06.08 00:49 B C:\lazza\progetto\temp.pro <-- hal9000 /users/sax/lazza/objects2/Definitiva temp.pro
101.06.08 00:50 B C:\lazza\progetto\tempo.pro <-- hal9000 /users/sax/lazza/objects2/Definitiva tempo.pro
101.06.08 00:50 B C:\lazza\progetto\tempo3.pro <-- hal9000 /users/sax/lazza/objects2/Definitiva tempo3.pro
101.06.08 00:50 B C:\lazza\progetto\tempo_grafico.pro <-- hal9000 /users/sax/lazza/objects2/Definitiva tempo_grafico.pro
101.06.08 00:50 B C:\lazza\progetto\test_SDIres.pro <-- hal9000 /users/sax/lazza/objects2/Definitiva test_SDIres.pro
101.06.08 00:50 B C:\lazza\progetto\trigfiles.txt <-- hal9000 /users/sax/lazza/objects2/Definitiva trigfiles.txt
101.06.08 00:50 B C:\lazza\progetto\trigNum.txt <-- hal9000 /users/sax/lazza/objects2/Definitiva trigNum.txt
101.06.08 00:50 B C:\lazza\progetto\trigtime.bat <-- hal9000 /users/sax/lazza/objects2/Definitiva trigtime.bat
101.06.08 00:50 B C:\lazza\progetto\trimFOTdir <-- hal9000 /users/sax/lazza/objects2/Definitiva trimFOTdir
101.06.08 00:50 B C:\lazza\progetto\uscita2.txt <-- hal9000 /users/sax/lazza/objects2/Definitiva uscita2.txt
101.06.08 00:50 B C:\lazza\progetto\vaxdir2.txt <-- hal9000 /users/sax/lazza/objects2/Definitiva vaxdir2.txt
101.06.08 00:50 B C:\lazza\progetto\voci_scartate.txt <-- hal9000 /users/sax/lazza/objects2/Definitiva voci_scartate.txt
101.06.08 00:50 B C:\lazza\progetto\xprinter.eps <-- hal9000 /users/sax/lazza/objects2/Definitiva xprinter.eps
101.08.23 23:14 B C:\lazza\progetto\#GRBM_han.log# <-- hal9000 /users/sax/lazza/Definitiva #GRBM_han.log#
101.08.23 23:14 B C:\lazza\progetto\10855.txt <-- hal9000 /users/sax/lazza/Definitiva 10855.txt
101.08.23 23:14 B C:\lazza\progetto\AcOP.txt <-- hal9000 /users/sax/lazza/Definitiva AcOP.txt
101.08.23 23:14 B C:\lazza\progetto\AcTrig.txt <-- hal9000 /users/sax/lazza/Definitiva AcTrig.txt
101.08.23 23:14 B C:\lazza\progetto\Again.tem <-- hal9000 /users/sax/lazza/Definitiva Again.tem
101.08.23 23:14 B C:\lazza\progetto\appoggio.txt <-- hal9000 /users/sax/lazza/Definitiva appoggio.txt
101.08.23 23:14 B C:\lazza\progetto\auto_fot_grbm_tot.exe <-- hal9000 /users/sax/lazza/Definitiva auto_fot_grbm_tot.exe
101.08.23 23:14 B C:\lazza\progetto\auto_fot_grbm_tot.f <-- hal9000 /users/sax/lazza/Definitiva auto_fot_grbm_tot.f
101.08.23 23:14 B C:\lazza\progetto\auto_fot_grbm_tot2.exe <-- hal9000 /users/sax/lazza/Definitiva auto_fot_grbm_tot2.exe
101.08.23 23:14 B C:\lazza\progetto\auto_fot_grbm_tot2.f <-- hal9000 /users/sax/lazza/Definitiva auto_fot_grbm_tot2.f
101.08.23 23:14 B C:\lazza\progetto\Burst__Define.pro <-- hal9000 /users/sax/lazza/Definitiva Burst__Define.pro
101.08.23 23:14 B C:\lazza\progetto\Burst__Define.pro~ <-- hal9000 /users/sax/lazza/Definitiva Burst__Define.pro~
101.08.23 23:14 B C:\lazza\progetto\calGRBMtime <-- hal9000 /users/sax/lazza/Definitiva calGRBMtime
101.08.23 23:14 B C:\lazza\progetto\converti.pro <-- hal9000 /users/sax/lazza/Definitiva converti.pro
101.08.23 23:14 B C:\lazza\progetto\coper.pro <-- hal9000 /users/sax/lazza/Definitiva coper.pro
101.08.23 23:14 B C:\lazza\progetto\coperta.pro <-- hal9000 /users/sax/lazza/Definitiva coperta.pro
101.08.23 23:14 B C:\lazza\progetto\copertura.pro <-- hal9000 /users/sax/lazza/Definitiva copertura.pro
101.08.23 23:14 B C:\lazza\progetto\corrotti.txt <-- hal9000 /users/sax/lazza/Definitiva corrotti.txt
101.08.23 23:14 B C:\lazza\progetto\CurrentObs.txt <-- hal9000 /users/sax/lazza/Definitiva CurrentObs.txt
101.08.23 23:14 B C:\lazza\progetto\dati_GRBM.doc <-- hal9000 /users/sax/lazza/Definitiva dati_GRBM.doc
101.08.23 23:14 B C:\lazza\progetto\direction__define.pro <-- hal9000 /users/sax/lazza/Definitiva direction__define.pro
101.08.23 23:14 B C:\lazza\progetto\direction__Define.pro <-- hal9000 /users/sax/lazza/Definitiva direction__Define.pro
101.08.23 23:14 B C:\lazza\progetto\disegna.pro <-- hal9000 /users/sax/lazza/Definitiva disegna.pro
101.08.23 23:14 B C:\lazza\progetto\Dur_SDIres.dat <-- hal9000 /users/sax/lazza/Definitiva Dur_SDIres.dat
101.08.23 23:14 B C:\lazza\progetto\Duration__Define.pro <-- hal9000 /users/sax/lazza/Definitiva Duration__Define.pro
101.08.23 23:14 B C:\lazza\progetto\Duration__Define.pro~ <-- hal9000 /users/sax/lazza/Definitiva Duration__Define.pro~
101.08.23 23:14 B C:\lazza\progetto\esecuzione.txt <-- hal9000 /users/sax/lazza/Definitiva esecuzione.txt
101.08.23 23:14 B C:\lazza\progetto\esecuzione.txt~ <-- hal9000 /users/sax/lazza/Definitiva esecuzione.txt~
101.08.23 23:14 B C:\lazza\progetto\files.txt <-- hal9000 /users/sax/lazza/Definitiva files.txt
101.08.23 23:14 B C:\lazza\progetto\fit_times.txt <-- hal9000 /users/sax/lazza/Definitiva fit_times.txt
101.08.23 23:14 B C:\lazza\progetto\fot_grbm_tot.exe <-- hal9000 /users/sax/lazza/Definitiva fot_grbm_tot.exe
101.08.23 23:14 B C:\lazza\progetto\fot_grbm_tot.f <-- hal9000 /users/sax/lazza/Definitiva fot_grbm_tot.f
101.08.23 23:14 B C:\lazza\progetto\fot_hal_tot.exe <-- hal9000 /users/sax/lazza/Definitiva fot_hal_tot.exe
101.08.23 23:14 B C:\lazza\progetto\gginterface.pro <-- hal9000 /users/sax/lazza/Definitiva gginterface.pro
101.08.23 23:14 B C:\lazza\progetto\GGinterface__Define.pro <-- hal9000 /users/sax/lazza/Definitiva GGinterface__Define.pro
101.08.23 23:14 B C:\lazza\progetto\Ginterface__Define.pro <-- hal9000 /users/sax/lazza/Definitiva Ginterface__Define.pro
101.08.23 23:14 B C:\lazza\progetto\Ginterface__Define.pro~ <-- hal9000 /users/sax/lazza/Definitiva Ginterface__Define.pro~
101.08.23 23:14 B C:\lazza\progetto\GRBM_han.log <-- hal9000 /users/sax/lazza/Definitiva GRBM_han.log
101.08.23 23:14 B C:\lazza\progetto\GRBM_interface.pro <-- hal9000 /users/sax/lazza/Definitiva GRBM_interface.pro
101.08.23 23:14 B C:\lazza\progetto\GRBM_interface__Define.pro <-- hal9000 /users/sax/lazza/Definitiva GRBM_interface__Define.pro
101.08.23 23:14 B C:\lazza\progetto\GRBMcompile <-- hal9000 /users/sax/lazza/Definitiva GRBMcompile
101.08.23 23:14 B C:\lazza\progetto\GRBMhandGraf.pro <-- hal9000 /users/sax/lazza/Definitiva GRBMhandGraf.pro
101.08.23 23:14 B C:\lazza\progetto\GRBMhandGraf__Define.pro <-- hal9000 /users/sax/lazza/Definitiva GRBMhandGraf__Define.pro
101.08.23 23:14 B C:\lazza\progetto\GRBMhandler.pro <-- hal9000 /users/sax/lazza/Definitiva GRBMhandler.pro
101.08.23 23:14 B C:\lazza\progetto\GRBMhandler__Define.pro <-- hal9000 /users/sax/lazza/Definitiva GRBMhandler__Define.pro
101.08.23 23:14 B C:\lazza\progetto\GRBMhandler__Define.pro~ <-- hal9000 /users/sax/lazza/Definitiva GRBMhandler__Define.pro~
101.08.23 23:14 B C:\lazza\progetto\GRBMstartGraf <-- hal9000 /users/sax/lazza/Definitiva GRBMstartGraf
101.08.23 23:14 B C:\lazza\progetto\GRBMStartup <-- hal9000 /users/sax/lazza/Definitiva GRBMStartup
101.08.23 23:14 B C:\lazza\progetto\hextodec.pro <-- hal9000 /users/sax/lazza/Definitiva hextodec.pro
101.08.23 23:14 B C:\lazza\progetto\hp4 <-- hal9000 /users/sax/lazza/Definitiva hp4
101.08.23 23:14 B C:\lazza\progetto\idl.ps <-- hal9000 /users/sax/lazza/Definitiva idl.ps
101.08.23 23:14 B C:\lazza\progetto\listato.txt <-- hal9000 /users/sax/lazza/Definitiva listato.txt
101.08.23 23:14 B C:\lazza\progetto\log.txt <-- hal9000 /users/sax/lazza/Definitiva log.txt
101.08.23 23:14 B C:\lazza\progetto\log2.txt <-- hal9000 /users/sax/lazza/Definitiva log2.txt
101.08.23 23:14 B C:\lazza\progetto\My_Object__Define.pro <-- hal9000 /users/sax/lazza/Definitiva My_Object__Define.pro
101.08.23 23:14 B C:\lazza\progetto\new_iniTimes.txt <-- hal9000 /users/sax/lazza/Definitiva new_iniTimes.txt
101.08.23 23:14 B C:\lazza\progetto\nfilist.txt <-- hal9000 /users/sax/lazza/Definitiva nfilist.txt
101.08.23 23:14 B C:\lazza\progetto\nfilist2.txt <-- hal9000 /users/sax/lazza/Definitiva nfilist2.txt
101.08.23 23:14 B C:\lazza\progetto\nfilist2.txt~ <-- hal9000 /users/sax/lazza/Definitiva nfilist2.txt~
101.08.23 23:14 B C:\lazza\progetto\nobs.txt <-- hal9000 /users/sax/lazza/Definitiva nobs.txt
101.08.23 23:14 B C:\lazza\progetto\Observations.txt <-- hal9000 /users/sax/lazza/Definitiva Observations.txt
101.08.23 23:14 B C:\lazza\progetto\OP__Define.pro <-- hal9000 /users/sax/lazza/Definitiva OP__Define.pro
101.08.23 23:14 B C:\lazza\progetto\OP__Define.pro~ <-- hal9000 /users/sax/lazza/Definitiva OP__Define.pro~
101.08.23 23:14 B C:\lazza\progetto\OP_control.pro <-- hal9000 /users/sax/lazza/Definitiva OP_control.pro
101.08.23 23:14 B C:\lazza\progetto\OP_ordinati.txt <-- hal9000 /users/sax/lazza/Definitiva OP_ordinati.txt
101.08.23 23:14 B C:\lazza\progetto\OP_ordinati.txt~ <-- hal9000 /users/sax/lazza/Definitiva OP_ordinati.txt~
101.08.23 23:14 B C:\lazza\progetto\OPlist__Define.pro <-- hal9000 /users/sax/lazza/Definitiva OPlist__Define.pro
101.08.23 23:14 B C:\lazza\progetto\OPlist__Define.pro~ <-- hal9000 /users/sax/lazza/Definitiva OPlist__Define.pro~
101.08.23 23:14 B C:\lazza\progetto\OPtoget.txt <-- hal9000 /users/sax/lazza/Definitiva OPtoget.txt
101.08.23 23:14 B C:\lazza\progetto\pera.pro <-- hal9000 /users/sax/lazza/Definitiva pera.pro
101.08.23 23:14 B C:\lazza\progetto\Poi_SDIres.dat <-- hal9000 /users/sax/lazza/Definitiva Poi_SDIres.dat
101.08.23 23:14 B C:\lazza\progetto\progra1.pro <-- hal9000 /users/sax/lazza/Definitiva progra1.pro
101.08.23 23:14 B C:\lazza\progetto\progra2.pro <-- hal9000 /users/sax/lazza/Definitiva progra2.pro
101.08.23 23:14 B C:\lazza\progetto\prova.pro <-- hal9000 /users/sax/lazza/Definitiva prova.pro
101.08.23 23:14 B C:\lazza\progetto\provaccia.pro <-- hal9000 /users/sax/lazza/Definitiva provaccia.pro
101.08.23 23:14 B C:\lazza\progetto\provaccia.pro~ <-- hal9000 /users/sax/lazza/Definitiva provaccia.pro~
101.08.23 23:14 B C:\lazza\progetto\punteggio__Define.pro <-- hal9000 /users/sax/lazza/Definitiva punteggio__Define.pro
101.08.23 23:14 B C:\lazza\progetto\punteggio__Define.pro~ <-- hal9000 /users/sax/lazza/Definitiva punteggio__Define.pro~
101.08.23 23:14 B C:\lazza\progetto\raw_grbm_tot.exe <-- hal9000 /users/sax/lazza/Definitiva raw_grbm_tot.exe
101.08.23 23:14 B C:\lazza\progetto\raw_grbm_tot2.f <-- hal9000 /users/sax/lazza/Definitiva raw_grbm_tot2.f
101.08.23 23:14 B C:\lazza\progetto\risultati.log <-- hal9000 /users/sax/lazza/Definitiva risultati.log
101.08.23 23:14 B C:\lazza\progetto\risultati1.txt <-- hal9000 /users/sax/lazza/Definitiva risultati1.txt
101.08.23 23:14 B C:\lazza\progetto\risultati_finali.log <-- hal9000 /users/sax/lazza/Definitiva risultati_finali.log
101.08.23 23:14 B C:\lazza\progetto\script1 <-- hal9000 /users/sax/lazza/Definitiva script1
101.08.23 23:14 B C:\lazza\progetto\script1~ <-- hal9000 /users/sax/lazza/Definitiva script1~
101.08.23 23:14 B C:\lazza\progetto\scrivi_nobs.pro <-- hal9000 /users/sax/lazza/Definitiva scrivi_nobs.pro
101.08.23 23:14 B C:\lazza\progetto\SDI_auto2_2001.pro <-- hal9000 /users/sax/lazza/Definitiva SDI_auto2_2001.pro
101.08.23 23:14 B C:\lazza\progetto\SDI_auto_2001.pro <-- hal9000 /users/sax/lazza/Definitiva SDI_auto_2001.pro
101.08.23 23:14 B C:\lazza\progetto\SDI_auto_2001.pro~ <-- hal9000 /users/sax/lazza/Definitiva SDI_auto_2001.pro~
101.08.23 23:14 B C:\lazza\progetto\SDI_man_2001.pro <-- hal9000 /users/sax/lazza/Definitiva SDI_man_2001.pro
101.08.23 23:14 B C:\lazza\progetto\SDI_manual.pro <-- hal9000 /users/sax/lazza/Definitiva SDI_manual.pro
101.08.23 23:14 B C:\lazza\progetto\SDI_manual.pro~ <-- hal9000 /users/sax/lazza/Definitiva SDI_manual.pro~
101.08.23 23:14 B C:\lazza\progetto\SDI_plotter_2001.pro <-- hal9000 /users/sax/lazza/Definitiva SDI_plotter_2001.pro
101.08.23 23:14 B C:\lazza\progetto\SDI_plotter_2001.pro~ <-- hal9000 /users/sax/lazza/Definitiva SDI_plotter_2001.pro~
101.08.23 23:14 B C:\lazza\progetto\SDIman <-- hal9000 /users/sax/lazza/Definitiva SDIman
101.08.23 23:14 B C:\lazza\progetto\SDImanStartup <-- hal9000 /users/sax/lazza/Definitiva SDImanStartup
101.08.23 23:14 B C:\lazza\progetto\SDImanStartup~ <-- hal9000 /users/sax/lazza/Definitiva SDImanStartup~
101.08.23 23:14 B C:\lazza\progetto\SDIman~ <-- hal9000 /users/sax/lazza/Definitiva SDIman~
101.08.23 23:14 B C:\lazza\progetto\SDIresult.txt <-- hal9000 /users/sax/lazza/Definitiva SDIresult.txt
101.08.23 23:14 B C:\lazza\progetto\SDIStartup <-- hal9000 /users/sax/lazza/Definitiva SDIStartup
101.08.23 23:14 B C:\lazza\progetto\shell.pro <-- hal9000 /users/sax/lazza/Definitiva shell.pro
101.08.23 23:14 B C:\lazza\progetto\spazzino.pro <-- hal9000 /users/sax/lazza/Definitiva spazzino.pro
101.08.23 23:14 B C:\lazza\progetto\stampaprova.txt <-- hal9000 /users/sax/lazza/Definitiva stampaprova.txt
101.08.23 23:14 B C:\lazza\progetto\stampaprova.txt~ <-- hal9000 /users/sax/lazza/Definitiva stampaprova.txt~
101.08.23 23:14 B C:\lazza\progetto\start <-- hal9000 /users/sax/lazza/Definitiva start
101.08.23 23:14 B C:\lazza\progetto\temp <-- hal9000 /users/sax/lazza/Definitiva temp
101.08.23 23:14 B C:\lazza\progetto\temp.pro <-- hal9000 /users/sax/lazza/Definitiva temp.pro
101.08.23 23:14 B C:\lazza\progetto\tempo.pro <-- hal9000 /users/sax/lazza/Definitiva tempo.pro
101.08.23 23:14 B C:\lazza\progetto\tempo.pro~ <-- hal9000 /users/sax/lazza/Definitiva tempo.pro~
101.08.23 23:14 B C:\lazza\progetto\tempo3.pro <-- hal9000 /users/sax/lazza/Definitiva tempo3.pro
101.08.23 23:14 B C:\lazza\progetto\tempo_grafico.pro <-- hal9000 /users/sax/lazza/Definitiva tempo_grafico.pro
101.08.23 23:14 B C:\lazza\progetto\test_SDIres.pro <-- hal9000 /users/sax/lazza/Definitiva test_SDIres.pro
101.08.23 23:14 B C:\lazza\progetto\trigfiles.txt <-- hal9000 /users/sax/lazza/Definitiva trigfiles.txt
101.08.23 23:14 B C:\lazza\progetto\trigNum.txt <-- hal9000 /users/sax/lazza/Definitiva trigNum.txt
101.08.23 23:14 B C:\lazza\progetto\trigtime.bat <-- hal9000 /users/sax/lazza/Definitiva trigtime.bat
101.08.23 23:14 B C:\lazza\progetto\trimFOTdir <-- hal9000 /users/sax/lazza/Definitiva trimFOTdir
101.08.23 23:14 B C:\lazza\progetto\uscita2.txt <-- hal9000 /users/sax/lazza/Definitiva uscita2.txt
101.08.23 23:14 B C:\lazza\progetto\vaxdir2.txt <-- hal9000 /users/sax/lazza/Definitiva vaxdir2.txt
101.08.23 23:14 B C:\lazza\progetto\voci_scartate.txt <-- hal9000 /users/sax/lazza/Definitiva voci_scartate.txt
101.08.23 23:14 B C:\lazza\progetto\xprinter.eps <-- hal9000 /users/sax/lazza/Definitiva xprinter.eps
